<?xml version="1.0" encoding="UTF-8"?>
<testng-results skipped="0" failed="0" ignored="1" total="4" passed="3">
  <reporter-output>
  </reporter-output>
  <suite name="Google Test" duration-ms="31712" started-at="2020-06-09T05:37:23Z" finished-at="2020-06-09T05:37:55Z">
    <groups>
    </groups>
    <test name="Chrome Test" duration-ms="19104" started-at="2020-06-09T05:37:23Z" finished-at="2020-06-09T05:37:43Z">
      <class name="GoogleTest">
        <test-method status="PASS" signature="setUp(java.lang.String)[pri:0, instance:GoogleTest@4fdd3d1e]" name="setUp" is-config="true" duration-ms="10448" started-at="2020-06-09T05:37:23Z" finished-at="2020-06-09T05:37:34Z">
          <params>
            <param index="0">
              <value>
                <![CDATA[chrome]]>
              </value>
            </param>
          </params>
          <reporter-output>
          </reporter-output>
        </test-method> <!-- setUp -->
        <test-method status="PASS" signature="verifySearchedLanguageOptions()[pri:0, instance:GoogleTest@4fdd3d1e]" name="verifySearchedLanguageOptions" duration-ms="6300" started-at="2020-06-09T05:37:34Z" finished-at="2020-06-09T05:37:40Z">
          <reporter-output>
          </reporter-output>
        </test-method> <!-- verifySearchedLanguageOptions -->
        <test-method status="PASS" signature="verifyTitle()[pri:0, instance:GoogleTest@4fdd3d1e]" name="verifyTitle" duration-ms="2186" started-at="2020-06-09T05:37:40Z" finished-at="2020-06-09T05:37:42Z">
          <reporter-output>
          </reporter-output>
        </test-method> <!-- verifyTitle -->
        <test-method status="PASS" signature="tearDown()[pri:0, instance:GoogleTest@4fdd3d1e]" name="tearDown" is-config="true" duration-ms="130" started-at="2020-06-09T05:37:42Z" finished-at="2020-06-09T05:37:43Z">
          <reporter-output>
          </reporter-output>
        </test-method> <!-- tearDown -->
      </class> <!-- GoogleTest -->
    </test> <!-- Chrome Test -->
    <test name="Firefox Test" duration-ms="31712" started-at="2020-06-09T05:37:23Z" finished-at="2020-06-09T05:37:55Z">
      <class name="GoogleTest">
        <test-method status="PASS" signature="setUp(java.lang.String)[pri:0, instance:GoogleTest@4c6f51b5]" name="setUp" is-config="true" duration-ms="24949" started-at="2020-06-09T05:37:23Z" finished-at="2020-06-09T05:37:48Z">
          <params>
            <param index="0">
              <value>
                <![CDATA[Firefox]]>
              </value>
            </param>
          </params>
          <reporter-output>
          </reporter-output>
        </test-method> <!-- setUp -->
        <test-method status="PASS" signature="verifyTitle()[pri:0, instance:GoogleTest@4c6f51b5]" name="verifyTitle" duration-ms="2578" started-at="2020-06-09T05:37:48Z" finished-at="2020-06-09T05:37:51Z">
          <reporter-output>
          </reporter-output>
        </test-method> <!-- verifyTitle -->
        <test-method status="PASS" signature="tearDown()[pri:0, instance:GoogleTest@4c6f51b5]" name="tearDown" is-config="true" duration-ms="4179" started-at="2020-06-09T05:37:51Z" finished-at="2020-06-09T05:37:55Z">
          <reporter-output>
          </reporter-output>
        </test-method> <!-- tearDown -->
      </class> <!-- GoogleTest -->
    </test> <!-- Firefox Test -->
  </suite> <!-- Google Test -->
</testng-results>
