<?xml version="1.0" encoding="UTF-8"?>
<testng-results skipped="0" failed="0" ignored="1" total="4" passed="3">
  <reporter-output>
  </reporter-output>
  <suite name="Google Test" duration-ms="17751" started-at="2019-07-08T16:59:59Z" finished-at="2019-07-08T17:00:17Z">
    <groups>
    </groups>
    <test name="Chrome Test" duration-ms="11770" started-at="2019-07-08T16:59:59Z" finished-at="2019-07-08T17:00:11Z">
      <class name="GoogleTest">
        <test-method status="PASS" signature="setUp(java.lang.String)[pri:0, instance:GoogleTest@6534d45b]" name="setUp" is-config="true" duration-ms="7676" started-at="2019-07-08T16:59:59Z" finished-at="2019-07-08T17:00:07Z">
          <params>
            <param index="0">
              <value>
                <![CDATA[chrome]]>
              </value>
            </param>
          </params>
          <reporter-output>
          </reporter-output>
        </test-method> <!-- setUp -->
        <test-method status="PASS" signature="verifySearchedLanguageOptions()[pri:0, instance:GoogleTest@6534d45b]" name="verifySearchedLanguageOptions" duration-ms="3028" started-at="2019-07-08T17:00:07Z" finished-at="2019-07-08T17:00:10Z">
          <reporter-output>
          </reporter-output>
        </test-method> <!-- verifySearchedLanguageOptions -->
        <test-method status="PASS" signature="verifyTitle()[pri:0, instance:GoogleTest@6534d45b]" name="verifyTitle" duration-ms="888" started-at="2019-07-08T17:00:10Z" finished-at="2019-07-08T17:00:11Z">
          <reporter-output>
          </reporter-output>
        </test-method> <!-- verifyTitle -->
        <test-method status="PASS" signature="tearDown()[pri:0, instance:GoogleTest@6534d45b]" name="tearDown" is-config="true" duration-ms="159" started-at="2019-07-08T17:00:11Z" finished-at="2019-07-08T17:00:11Z">
          <reporter-output>
          </reporter-output>
        </test-method> <!-- tearDown -->
      </class> <!-- GoogleTest -->
    </test> <!-- Chrome Test -->
    <test name="Firefox Test" duration-ms="17751" started-at="2019-07-08T16:59:59Z" finished-at="2019-07-08T17:00:17Z">
      <class name="GoogleTest">
        <test-method status="PASS" signature="setUp(java.lang.String)[pri:0, instance:GoogleTest@392c71ec]" name="setUp" is-config="true" duration-ms="14958" started-at="2019-07-08T16:59:59Z" finished-at="2019-07-08T17:00:14Z">
          <params>
            <param index="0">
              <value>
                <![CDATA[Firefox]]>
              </value>
            </param>
          </params>
          <reporter-output>
          </reporter-output>
        </test-method> <!-- setUp -->
        <test-method status="PASS" signature="verifyTitle()[pri:0, instance:GoogleTest@392c71ec]" name="verifyTitle" duration-ms="1855" started-at="2019-07-08T17:00:14Z" finished-at="2019-07-08T17:00:16Z">
          <reporter-output>
          </reporter-output>
        </test-method> <!-- verifyTitle -->
        <test-method status="PASS" signature="tearDown()[pri:0, instance:GoogleTest@392c71ec]" name="tearDown" is-config="true" duration-ms="937" started-at="2019-07-08T17:00:16Z" finished-at="2019-07-08T17:00:17Z">
          <reporter-output>
          </reporter-output>
        </test-method> <!-- tearDown -->
      </class> <!-- GoogleTest -->
    </test> <!-- Firefox Test -->
  </suite> <!-- Google Test -->
</testng-results>
